[11-Feb-2025 22:19:48 UTC] El hook um_account_page_default_tabs_hook NO está registrado.
[12-Feb-2025 12:29:35 UTC] Error de evento de reprogramación de cron para el hook: um_hourly_scheduled_events. Código de error: could_not_set. Mensaje de error: No se ha podido guardar la lista de eventos del cron.. Datos: {"schedule":"hourly","args":[],"interval":3600}
[12-Feb-2025 12:29:38 UTC] Automatic updates starting...
[12-Feb-2025 12:29:40 UTC]   Automatic plugin updates starting...
[12-Feb-2025 12:29:40 UTC]   Automatic plugin updates complete.
[12-Feb-2025 12:29:41 UTC] Automatic updates complete.
[12-Feb-2025 12:41:23 UTC] PHP Warning:  mysqli_real_connect(): (HY000/2002): No se puede establecer una conexión ya que el equipo de destino denegó expresamente dicha conexión in C:\wamp64\www\positiva\wp-includes\class-wpdb.php on line 1982
[12-Feb-2025 12:41:24 UTC] PHP Stack trace:
[12-Feb-2025 12:41:24 UTC] PHP   1. {main}() C:\wamp64\www\positiva\wp-admin\themes.php:0
[12-Feb-2025 12:41:24 UTC] PHP   2. require_once() C:\wamp64\www\positiva\wp-admin\themes.php:10
[12-Feb-2025 12:41:24 UTC] PHP   3. require_once() C:\wamp64\www\positiva\wp-admin\admin.php:34
[12-Feb-2025 12:41:24 UTC] PHP   4. require_once() C:\wamp64\www\positiva\wp-load.php:50
[12-Feb-2025 12:41:24 UTC] PHP   5. require_once() C:\wamp64\www\positiva\wp-config.php:105
[12-Feb-2025 12:41:24 UTC] PHP   6. require_wp_db() C:\wamp64\www\positiva\wp-settings.php:133
[12-Feb-2025 12:41:24 UTC] PHP   7. wpdb->__construct($dbuser = 'root', $dbpassword = '', $dbname = 'positiva', $dbhost = 'localhost') C:\wamp64\www\positiva\wp-includes\load.php:695
[12-Feb-2025 12:41:24 UTC] PHP   8. wpdb->db_connect($allow_bail = *uninitialized*) C:\wamp64\www\positiva\wp-includes\class-wpdb.php:767
[12-Feb-2025 12:41:24 UTC] PHP   9. mysqli_real_connect($mysql = class mysqli { public $client_info = 'mysqlnd 8.3.6'; public $client_version = 80306; public $connect_errno = 2002; public $connect_error = 'No se puede establecer una conexión ya que el equipo de destino denegó expresamente dicha conexión'; public $errno = 2002; public $error = 'No se puede establecer una conexión ya que el equipo de destino denegó expresamente dicha conexión' }, $hostname = 'localhost', $username = 'root', $password = '[Sensitive Parameter]', $database = NULL, $port = NULL, $socket = NULL, $flags = 0) C:\wamp64\www\positiva\wp-includes\class-wpdb.php:1982
[12-Feb-2025 14:40:29 UTC] Automatic updates starting...
[12-Feb-2025 14:40:29 UTC]   Automatic plugin updates starting...
[12-Feb-2025 14:40:29 UTC]   Automatic plugin updates complete.
[12-Feb-2025 14:40:29 UTC] Automatic updates complete.
[12-Feb-2025 14:40:54 UTC] PHP Deprecated:  str_contains(): Passing null to parameter #1 ($haystack) of type string is deprecated in C:\wamp64\www\positiva\wp-admin\includes\class-automatic-upgrader-skin.php on line 87
[12-Feb-2025 14:40:54 UTC] PHP Stack trace:
[12-Feb-2025 14:40:54 UTC] PHP   1. {main}() C:\wamp64\www\positiva\wp-cron.php:0
[12-Feb-2025 14:40:54 UTC] PHP   2. do_action_ref_array($hook_name = 'wp_version_check', $args = []) C:\wamp64\www\positiva\wp-cron.php:191
[12-Feb-2025 14:40:54 UTC] PHP   3. WP_Hook->do_action($args = []) C:\wamp64\www\positiva\wp-includes\plugin.php:565
[12-Feb-2025 14:40:54 UTC] PHP   4. WP_Hook->apply_filters($value = '', $args = []) C:\wamp64\www\positiva\wp-includes\class-wp-hook.php:348
[12-Feb-2025 14:40:54 UTC] PHP   5. wp_version_check($extra_stats = *uninitialized*, $force_check = *uninitialized*) C:\wamp64\www\positiva\wp-includes\class-wp-hook.php:324
[12-Feb-2025 14:40:54 UTC] PHP   6. do_action($hook_name = 'wp_maybe_auto_update') C:\wamp64\www\positiva\wp-includes\update.php:295
[12-Feb-2025 14:40:54 UTC] PHP   7. WP_Hook->do_action($args = [0 => '']) C:\wamp64\www\positiva\wp-includes\plugin.php:517
[12-Feb-2025 14:40:54 UTC] PHP   8. WP_Hook->apply_filters($value = '', $args = [0 => '']) C:\wamp64\www\positiva\wp-includes\class-wp-hook.php:348
[12-Feb-2025 14:40:54 UTC] PHP   9. wp_maybe_auto_update('') C:\wamp64\www\positiva\wp-includes\class-wp-hook.php:324
[12-Feb-2025 14:40:54 UTC] PHP  10. WP_Automatic_Updater->run() C:\wamp64\www\positiva\wp-includes\update.php:851
[12-Feb-2025 14:40:54 UTC] PHP  11. WP_Automatic_Updater->update($type = 'core', $item = class stdClass { public $response = 'autoupdate'; public $download = 'https://downloads.wordpress.org/release/es_CO/wordpress-6.7.2.zip'; public $locale = 'es_CO'; public $packages = class stdClass { public $full = 'https://downloads.wordpress.org/release/es_CO/wordpress-6.7.2.zip'; public $no_content = ''; public $new_bundled = ''; public $partial = ''; public $rollback = '' }; public $current = '6.7.2'; public $version = '6.7.2'; public $php_version = '7.2.24'; public $mysql_version = '5.5.5'; public $new_bundled = '6.7'; public $partial_version = ''; public $new_files = '1' }) C:\wamp64\www\positiva\wp-admin\includes\class-wp-automatic-updater.php:715
[12-Feb-2025 14:40:54 UTC] PHP  12. Core_Upgrader->upgrade($current = class stdClass { public $response = 'autoupdate'; public $download = 'https://downloads.wordpress.org/release/es_CO/wordpress-6.7.2.zip'; public $locale = 'es_CO'; public $packages = class stdClass { public $full = 'https://downloads.wordpress.org/release/es_CO/wordpress-6.7.2.zip'; public $no_content = ''; public $new_bundled = ''; public $partial = ''; public $rollback = '' }; public $current = '6.7.2'; public $version = '6.7.2'; public $php_version = '7.2.24'; public $mysql_version = '5.5.5'; public $new_bundled = '6.7'; public $partial_version = ''; public $new_files = '1' }, $args = ['clear_update_cache' => FALSE, 'pre_check_md5' => FALSE, 'attempt_rollback' => TRUE, 'allow_relaxed_file_ownership' => FALSE]) C:\wamp64\www\positiva\wp-admin\includes\class-wp-automatic-updater.php:478
[12-Feb-2025 14:40:54 UTC] PHP  13. update_core($from = 'C:/wamp64/www/positiva/wp-content/upgrade/wordpress-6.7.2-es_co', $to = 'C:/wamp64/www/positiva/') C:\wamp64\www\positiva\wp-admin\includes\class-core-upgrader.php:178
[12-Feb-2025 14:40:54 UTC] PHP  14. apply_filters($hook_name = 'update_feedback', $value = 'Verificando los archivos descomprimidos&#8230;') C:\wamp64\www\positiva\wp-admin\includes\update-core.php:1053
[12-Feb-2025 14:40:54 UTC] PHP  15. WP_Hook->apply_filters($value = 'Verificando los archivos descomprimidos&#8230;', $args = [0 => 'Verificando los archivos descomprimidos&#8230;']) C:\wamp64\www\positiva\wp-includes\plugin.php:205
[12-Feb-2025 14:40:54 UTC] PHP  16. Automatic_Upgrader_Skin->feedback($feedback = NULL) C:\wamp64\www\positiva\wp-includes\class-wp-hook.php:324
[12-Feb-2025 14:40:54 UTC] PHP  17. str_contains($haystack = NULL, $needle = '%') C:\wamp64\www\positiva\wp-admin\includes\class-automatic-upgrader-skin.php:87
[12-Feb-2025 14:40:54 UTC] PHP Deprecated:  trim(): Passing null to parameter #1 ($string) of type string is deprecated in C:\wamp64\www\positiva\wp-admin\includes\class-automatic-upgrader-skin.php on line 93
[12-Feb-2025 14:40:54 UTC] PHP Stack trace:
[12-Feb-2025 14:40:54 UTC] PHP   1. {main}() C:\wamp64\www\positiva\wp-cron.php:0
[12-Feb-2025 14:40:54 UTC] PHP   2. do_action_ref_array($hook_name = 'wp_version_check', $args = []) C:\wamp64\www\positiva\wp-cron.php:191
[12-Feb-2025 14:40:54 UTC] PHP   3. WP_Hook->do_action($args = []) C:\wamp64\www\positiva\wp-includes\plugin.php:565
[12-Feb-2025 14:40:54 UTC] PHP   4. WP_Hook->apply_filters($value = '', $args = []) C:\wamp64\www\positiva\wp-includes\class-wp-hook.php:348
[12-Feb-2025 14:40:54 UTC] PHP   5. wp_version_check($extra_stats = *uninitialized*, $force_check = *uninitialized*) C:\wamp64\www\positiva\wp-includes\class-wp-hook.php:324
[12-Feb-2025 14:40:54 UTC] PHP   6. do_action($hook_name = 'wp_maybe_auto_update') C:\wamp64\www\positiva\wp-includes\update.php:295
[12-Feb-2025 14:40:54 UTC] PHP   7. WP_Hook->do_action($args = [0 => '']) C:\wamp64\www\positiva\wp-includes\plugin.php:517
[12-Feb-2025 14:40:54 UTC] PHP   8. WP_Hook->apply_filters($value = '', $args = [0 => '']) C:\wamp64\www\positiva\wp-includes\class-wp-hook.php:348
[12-Feb-2025 14:40:54 UTC] PHP   9. wp_maybe_auto_update('') C:\wamp64\www\positiva\wp-includes\class-wp-hook.php:324
[12-Feb-2025 14:40:54 UTC] PHP  10. WP_Automatic_Updater->run() C:\wamp64\www\positiva\wp-includes\update.php:851
[12-Feb-2025 14:40:54 UTC] PHP  11. WP_Automatic_Updater->update($type = 'core', $item = class stdClass { public $response = 'autoupdate'; public $download = 'https://downloads.wordpress.org/release/es_CO/wordpress-6.7.2.zip'; public $locale = 'es_CO'; public $packages = class stdClass { public $full = 'https://downloads.wordpress.org/release/es_CO/wordpress-6.7.2.zip'; public $no_content = ''; public $new_bundled = ''; public $partial = ''; public $rollback = '' }; public $current = '6.7.2'; public $version = '6.7.2'; public $php_version = '7.2.24'; public $mysql_version = '5.5.5'; public $new_bundled = '6.7'; public $partial_version = ''; public $new_files = '1' }) C:\wamp64\www\positiva\wp-admin\includes\class-wp-automatic-updater.php:715
[12-Feb-2025 14:40:54 UTC] PHP  12. Core_Upgrader->upgrade($current = class stdClass { public $response = 'autoupdate'; public $download = 'https://downloads.wordpress.org/release/es_CO/wordpress-6.7.2.zip'; public $locale = 'es_CO'; public $packages = class stdClass { public $full = 'https://downloads.wordpress.org/release/es_CO/wordpress-6.7.2.zip'; public $no_content = ''; public $new_bundled = ''; public $partial = ''; public $rollback = '' }; public $current = '6.7.2'; public $version = '6.7.2'; public $php_version = '7.2.24'; public $mysql_version = '5.5.5'; public $new_bundled = '6.7'; public $partial_version = ''; public $new_files = '1' }, $args = ['clear_update_cache' => FALSE, 'pre_check_md5' => FALSE, 'attempt_rollback' => TRUE, 'allow_relaxed_file_ownership' => FALSE]) C:\wamp64\www\positiva\wp-admin\includes\class-wp-automatic-updater.php:478
[12-Feb-2025 14:40:54 UTC] PHP  13. update_core($from = 'C:/wamp64/www/positiva/wp-content/upgrade/wordpress-6.7.2-es_co', $to = 'C:/wamp64/www/positiva/') C:\wamp64\www\positiva\wp-admin\includes\class-core-upgrader.php:178
[12-Feb-2025 14:40:54 UTC] PHP  14. apply_filters($hook_name = 'update_feedback', $value = 'Verificando los archivos descomprimidos&#8230;') C:\wamp64\www\positiva\wp-admin\includes\update-core.php:1053
[12-Feb-2025 14:40:54 UTC] PHP  15. WP_Hook->apply_filters($value = 'Verificando los archivos descomprimidos&#8230;', $args = [0 => 'Verificando los archivos descomprimidos&#8230;']) C:\wamp64\www\positiva\wp-includes\plugin.php:205
[12-Feb-2025 14:40:54 UTC] PHP  16. Automatic_Upgrader_Skin->feedback($feedback = NULL) C:\wamp64\www\positiva\wp-includes\class-wp-hook.php:324
[12-Feb-2025 14:40:54 UTC] PHP  17. trim($string = NULL) C:\wamp64\www\positiva\wp-admin\includes\class-automatic-upgrader-skin.php:93
[12-Feb-2025 14:40:54 UTC] PHP Deprecated:  str_contains(): Passing null to parameter #1 ($haystack) of type string is deprecated in C:\wamp64\www\positiva\wp-admin\includes\class-automatic-upgrader-skin.php on line 87
[12-Feb-2025 14:40:54 UTC] PHP Stack trace:
[12-Feb-2025 14:40:54 UTC] PHP   1. {main}() C:\wamp64\www\positiva\wp-cron.php:0
[12-Feb-2025 14:40:54 UTC] PHP   2. do_action_ref_array($hook_name = 'wp_version_check', $args = []) C:\wamp64\www\positiva\wp-cron.php:191
[12-Feb-2025 14:40:54 UTC] PHP   3. WP_Hook->do_action($args = []) C:\wamp64\www\positiva\wp-includes\plugin.php:565
[12-Feb-2025 14:40:54 UTC] PHP   4. WP_Hook->apply_filters($value = '', $args = []) C:\wamp64\www\positiva\wp-includes\class-wp-hook.php:348
[12-Feb-2025 14:40:54 UTC] PHP   5. wp_version_check($extra_stats = *uninitialized*, $force_check = *uninitialized*) C:\wamp64\www\positiva\wp-includes\class-wp-hook.php:324
[12-Feb-2025 14:40:54 UTC] PHP   6. do_action($hook_name = 'wp_maybe_auto_update') C:\wamp64\www\positiva\wp-includes\update.php:295
[12-Feb-2025 14:40:54 UTC] PHP   7. WP_Hook->do_action($args = [0 => '']) C:\wamp64\www\positiva\wp-includes\plugin.php:517
[12-Feb-2025 14:40:54 UTC] PHP   8. WP_Hook->apply_filters($value = '', $args = [0 => '']) C:\wamp64\www\positiva\wp-includes\class-wp-hook.php:348
[12-Feb-2025 14:40:54 UTC] PHP   9. wp_maybe_auto_update('') C:\wamp64\www\positiva\wp-includes\class-wp-hook.php:324
[12-Feb-2025 14:40:54 UTC] PHP  10. WP_Automatic_Updater->run() C:\wamp64\www\positiva\wp-includes\update.php:851
[12-Feb-2025 14:40:54 UTC] PHP  11. WP_Automatic_Updater->update($type = 'core', $item = class stdClass { public $response = 'autoupdate'; public $download = 'https://downloads.wordpress.org/release/es_CO/wordpress-6.7.2.zip'; public $locale = 'es_CO'; public $packages = class stdClass { public $full = 'https://downloads.wordpress.org/release/es_CO/wordpress-6.7.2.zip'; public $no_content = ''; public $new_bundled = ''; public $partial = ''; public $rollback = '' }; public $current = '6.7.2'; public $version = '6.7.2'; public $php_version = '7.2.24'; public $mysql_version = '5.5.5'; public $new_bundled = '6.7'; public $partial_version = ''; public $new_files = '1' }) C:\wamp64\www\positiva\wp-admin\includes\class-wp-automatic-updater.php:715
[12-Feb-2025 14:40:54 UTC] PHP  12. Core_Upgrader->upgrade($current = class stdClass { public $response = 'autoupdate'; public $download = 'https://downloads.wordpress.org/release/es_CO/wordpress-6.7.2.zip'; public $locale = 'es_CO'; public $packages = class stdClass { public $full = 'https://downloads.wordpress.org/release/es_CO/wordpress-6.7.2.zip'; public $no_content = ''; public $new_bundled = ''; public $partial = ''; public $rollback = '' }; public $current = '6.7.2'; public $version = '6.7.2'; public $php_version = '7.2.24'; public $mysql_version = '5.5.5'; public $new_bundled = '6.7'; public $partial_version = ''; public $new_files = '1' }, $args = ['clear_update_cache' => FALSE, 'pre_check_md5' => FALSE, 'attempt_rollback' => TRUE, 'allow_relaxed_file_ownership' => FALSE]) C:\wamp64\www\positiva\wp-admin\includes\class-wp-automatic-updater.php:478
[12-Feb-2025 14:40:54 UTC] PHP  13. update_core($from = 'C:/wamp64/www/positiva/wp-content/upgrade/wordpress-6.7.2-es_co', $to = 'C:/wamp64/www/positiva/') C:\wamp64\www\positiva\wp-admin\includes\class-core-upgrader.php:178
[12-Feb-2025 14:40:54 UTC] PHP  14. apply_filters($hook_name = 'update_feedback', $value = 'Preparando para instalar la última versión&#8230;') C:\wamp64\www\positiva\wp-admin\includes\update-core.php:1195
[12-Feb-2025 14:40:54 UTC] PHP  15. WP_Hook->apply_filters($value = 'Preparando para instalar la última versión&#8230;', $args = [0 => 'Preparando para instalar la última versión&#8230;']) C:\wamp64\www\positiva\wp-includes\plugin.php:205
[12-Feb-2025 14:40:54 UTC] PHP  16. Automatic_Upgrader_Skin->feedback($feedback = NULL) C:\wamp64\www\positiva\wp-includes\class-wp-hook.php:324
[12-Feb-2025 14:40:54 UTC] PHP  17. str_contains($haystack = NULL, $needle = '%') C:\wamp64\www\positiva\wp-admin\includes\class-automatic-upgrader-skin.php:87
[12-Feb-2025 14:40:54 UTC] PHP Deprecated:  trim(): Passing null to parameter #1 ($string) of type string is deprecated in C:\wamp64\www\positiva\wp-admin\includes\class-automatic-upgrader-skin.php on line 93
[12-Feb-2025 14:40:54 UTC] PHP Stack trace:
[12-Feb-2025 14:40:54 UTC] PHP   1. {main}() C:\wamp64\www\positiva\wp-cron.php:0
[12-Feb-2025 14:40:54 UTC] PHP   2. do_action_ref_array($hook_name = 'wp_version_check', $args = []) C:\wamp64\www\positiva\wp-cron.php:191
[12-Feb-2025 14:40:54 UTC] PHP   3. WP_Hook->do_action($args = []) C:\wamp64\www\positiva\wp-includes\plugin.php:565
[12-Feb-2025 14:40:54 UTC] PHP   4. WP_Hook->apply_filters($value = '', $args = []) C:\wamp64\www\positiva\wp-includes\class-wp-hook.php:348
[12-Feb-2025 14:40:54 UTC] PHP   5. wp_version_check($extra_stats = *uninitialized*, $force_check = *uninitialized*) C:\wamp64\www\positiva\wp-includes\class-wp-hook.php:324
[12-Feb-2025 14:40:54 UTC] PHP   6. do_action($hook_name = 'wp_maybe_auto_update') C:\wamp64\www\positiva\wp-includes\update.php:295
[12-Feb-2025 14:40:54 UTC] PHP   7. WP_Hook->do_action($args = [0 => '']) C:\wamp64\www\positiva\wp-includes\plugin.php:517
[12-Feb-2025 14:40:54 UTC] PHP   8. WP_Hook->apply_filters($value = '', $args = [0 => '']) C:\wamp64\www\positiva\wp-includes\class-wp-hook.php:348
[12-Feb-2025 14:40:54 UTC] PHP   9. wp_maybe_auto_update('') C:\wamp64\www\positiva\wp-includes\class-wp-hook.php:324
[12-Feb-2025 14:40:54 UTC] PHP  10. WP_Automatic_Updater->run() C:\wamp64\www\positiva\wp-includes\update.php:851
[12-Feb-2025 14:40:54 UTC] PHP  11. WP_Automatic_Updater->update($type = 'core', $item = class stdClass { public $response = 'autoupdate'; public $download = 'https://downloads.wordpress.org/release/es_CO/wordpress-6.7.2.zip'; public $locale = 'es_CO'; public $packages = class stdClass { public $full = 'https://downloads.wordpress.org/release/es_CO/wordpress-6.7.2.zip'; public $no_content = ''; public $new_bundled = ''; public $partial = ''; public $rollback = '' }; public $current = '6.7.2'; public $version = '6.7.2'; public $php_version = '7.2.24'; public $mysql_version = '5.5.5'; public $new_bundled = '6.7'; public $partial_version = ''; public $new_files = '1' }) C:\wamp64\www\positiva\wp-admin\includes\class-wp-automatic-updater.php:715
[12-Feb-2025 14:40:54 UTC] PHP  12. Core_Upgrader->upgrade($current = class stdClass { public $response = 'autoupdate'; public $download = 'https://downloads.wordpress.org/release/es_CO/wordpress-6.7.2.zip'; public $locale = 'es_CO'; public $packages = class stdClass { public $full = 'https://downloads.wordpress.org/release/es_CO/wordpress-6.7.2.zip'; public $no_content = ''; public $new_bundled = ''; public $partial = ''; public $rollback = '' }; public $current = '6.7.2'; public $version = '6.7.2'; public $php_version = '7.2.24'; public $mysql_version = '5.5.5'; public $new_bundled = '6.7'; public $partial_version = ''; public $new_files = '1' }, $args = ['clear_update_cache' => FALSE, 'pre_check_md5' => FALSE, 'attempt_rollback' => TRUE, 'allow_relaxed_file_ownership' => FALSE]) C:\wamp64\www\positiva\wp-admin\includes\class-wp-automatic-updater.php:478
[12-Feb-2025 14:40:54 UTC] PHP  13. update_core($from = 'C:/wamp64/www/positiva/wp-content/upgrade/wordpress-6.7.2-es_co', $to = 'C:/wamp64/www/positiva/') C:\wamp64\www\positiva\wp-admin\includes\class-core-upgrader.php:178
[12-Feb-2025 14:40:54 UTC] PHP  14. apply_filters($hook_name = 'update_feedback', $value = 'Preparando para instalar la última versión&#8230;') C:\wamp64\www\positiva\wp-admin\includes\update-core.php:1195
[12-Feb-2025 14:40:54 UTC] PHP  15. WP_Hook->apply_filters($value = 'Preparando para instalar la última versión&#8230;', $args = [0 => 'Preparando para instalar la última versión&#8230;']) C:\wamp64\www\positiva\wp-includes\plugin.php:205
[12-Feb-2025 14:40:54 UTC] PHP  16. Automatic_Upgrader_Skin->feedback($feedback = NULL) C:\wamp64\www\positiva\wp-includes\class-wp-hook.php:324
[12-Feb-2025 14:40:54 UTC] PHP  17. trim($string = NULL) C:\wamp64\www\positiva\wp-admin\includes\class-automatic-upgrader-skin.php:93
[12-Feb-2025 14:41:23 UTC] PHP Deprecated:  str_contains(): Passing null to parameter #1 ($haystack) of type string is deprecated in C:\wamp64\www\positiva\wp-admin\includes\class-automatic-upgrader-skin.php on line 87
[12-Feb-2025 14:41:23 UTC] PHP Stack trace:
[12-Feb-2025 14:41:23 UTC] PHP   1. {main}() C:\wamp64\www\positiva\wp-cron.php:0
[12-Feb-2025 14:41:23 UTC] PHP   2. do_action_ref_array($hook_name = 'wp_version_check', $args = []) C:\wamp64\www\positiva\wp-cron.php:191
[12-Feb-2025 14:41:23 UTC] PHP   3. WP_Hook->do_action($args = []) C:\wamp64\www\positiva\wp-includes\plugin.php:565
[12-Feb-2025 14:41:23 UTC] PHP   4. WP_Hook->apply_filters($value = '', $args = []) C:\wamp64\www\positiva\wp-includes\class-wp-hook.php:348
[12-Feb-2025 14:41:23 UTC] PHP   5. wp_version_check($extra_stats = *uninitialized*, $force_check = *uninitialized*) C:\wamp64\www\positiva\wp-includes\class-wp-hook.php:324
[12-Feb-2025 14:41:23 UTC] PHP   6. do_action($hook_name = 'wp_maybe_auto_update') C:\wamp64\www\positiva\wp-includes\update.php:295
[12-Feb-2025 14:41:23 UTC] PHP   7. WP_Hook->do_action($args = [0 => '']) C:\wamp64\www\positiva\wp-includes\plugin.php:517
[12-Feb-2025 14:41:23 UTC] PHP   8. WP_Hook->apply_filters($value = '', $args = [0 => '']) C:\wamp64\www\positiva\wp-includes\class-wp-hook.php:348
[12-Feb-2025 14:41:23 UTC] PHP   9. wp_maybe_auto_update('') C:\wamp64\www\positiva\wp-includes\class-wp-hook.php:324
[12-Feb-2025 14:41:23 UTC] PHP  10. WP_Automatic_Updater->run() C:\wamp64\www\positiva\wp-includes\update.php:851
[12-Feb-2025 14:41:23 UTC] PHP  11. WP_Automatic_Updater->update($type = 'core', $item = class stdClass { public $response = 'autoupdate'; public $download = 'https://downloads.wordpress.org/release/es_CO/wordpress-6.7.2.zip'; public $locale = 'es_CO'; public $packages = class stdClass { public $full = 'https://downloads.wordpress.org/release/es_CO/wordpress-6.7.2.zip'; public $no_content = ''; public $new_bundled = ''; public $partial = ''; public $rollback = '' }; public $current = '6.7.2'; public $version = '6.7.2'; public $php_version = '7.2.24'; public $mysql_version = '5.5.5'; public $new_bundled = '6.7'; public $partial_version = ''; public $new_files = '1' }) C:\wamp64\www\positiva\wp-admin\includes\class-wp-automatic-updater.php:715
[12-Feb-2025 14:41:23 UTC] PHP  12. Core_Upgrader->upgrade($current = class stdClass { public $response = 'autoupdate'; public $download = 'https://downloads.wordpress.org/release/es_CO/wordpress-6.7.2.zip'; public $locale = 'es_CO'; public $packages = class stdClass { public $full = 'https://downloads.wordpress.org/release/es_CO/wordpress-6.7.2.zip'; public $no_content = ''; public $new_bundled = ''; public $partial = ''; public $rollback = '' }; public $current = '6.7.2'; public $version = '6.7.2'; public $php_version = '7.2.24'; public $mysql_version = '5.5.5'; public $new_bundled = '6.7'; public $partial_version = ''; public $new_files = '1' }, $args = ['clear_update_cache' => FALSE, 'pre_check_md5' => FALSE, 'attempt_rollback' => TRUE, 'allow_relaxed_file_ownership' => FALSE]) C:\wamp64\www\positiva\wp-admin\includes\class-wp-automatic-updater.php:478
[12-Feb-2025 14:41:23 UTC] PHP  13. update_core($from = 'C:/wamp64/www/positiva/wp-content/upgrade/wordpress-6.7.2-es_co', $to = 'C:/wamp64/www/positiva/') C:\wamp64\www\positiva\wp-admin\includes\class-core-upgrader.php:178
[12-Feb-2025 14:41:23 UTC] PHP  14. apply_filters($hook_name = 'update_feedback', $value = 'Activando el modo mantenimiento&#8230;') C:\wamp64\www\positiva\wp-admin\includes\update-core.php:1279
[12-Feb-2025 14:41:23 UTC] PHP  15. WP_Hook->apply_filters($value = 'Activando el modo mantenimiento&#8230;', $args = [0 => 'Activando el modo mantenimiento&#8230;']) C:\wamp64\www\positiva\wp-includes\plugin.php:205
[12-Feb-2025 14:41:23 UTC] PHP  16. Automatic_Upgrader_Skin->feedback($feedback = NULL) C:\wamp64\www\positiva\wp-includes\class-wp-hook.php:324
[12-Feb-2025 14:41:23 UTC] PHP  17. str_contains($haystack = NULL, $needle = '%') C:\wamp64\www\positiva\wp-admin\includes\class-automatic-upgrader-skin.php:87
[12-Feb-2025 14:41:23 UTC] PHP Deprecated:  trim(): Passing null to parameter #1 ($string) of type string is deprecated in C:\wamp64\www\positiva\wp-admin\includes\class-automatic-upgrader-skin.php on line 93
[12-Feb-2025 14:41:23 UTC] PHP Stack trace:
[12-Feb-2025 14:41:23 UTC] PHP   1. {main}() C:\wamp64\www\positiva\wp-cron.php:0
[12-Feb-2025 14:41:23 UTC] PHP   2. do_action_ref_array($hook_name = 'wp_version_check', $args = []) C:\wamp64\www\positiva\wp-cron.php:191
[12-Feb-2025 14:41:23 UTC] PHP   3. WP_Hook->do_action($args = []) C:\wamp64\www\positiva\wp-includes\plugin.php:565
[12-Feb-2025 14:41:23 UTC] PHP   4. WP_Hook->apply_filters($value = '', $args = []) C:\wamp64\www\positiva\wp-includes\class-wp-hook.php:348
[12-Feb-2025 14:41:23 UTC] PHP   5. wp_version_check($extra_stats = *uninitialized*, $force_check = *uninitialized*) C:\wamp64\www\positiva\wp-includes\class-wp-hook.php:324
[12-Feb-2025 14:41:23 UTC] PHP   6. do_action($hook_name = 'wp_maybe_auto_update') C:\wamp64\www\positiva\wp-includes\update.php:295
[12-Feb-2025 14:41:23 UTC] PHP   7. WP_Hook->do_action($args = [0 => '']) C:\wamp64\www\positiva\wp-includes\plugin.php:517
[12-Feb-2025 14:41:23 UTC] PHP   8. WP_Hook->apply_filters($value = '', $args = [0 => '']) C:\wamp64\www\positiva\wp-includes\class-wp-hook.php:348
[12-Feb-2025 14:41:23 UTC] PHP   9. wp_maybe_auto_update('') C:\wamp64\www\positiva\wp-includes\class-wp-hook.php:324
[12-Feb-2025 14:41:23 UTC] PHP  10. WP_Automatic_Updater->run() C:\wamp64\www\positiva\wp-includes\update.php:851
[12-Feb-2025 14:41:23 UTC] PHP  11. WP_Automatic_Updater->update($type = 'core', $item = class stdClass { public $response = 'autoupdate'; public $download = 'https://downloads.wordpress.org/release/es_CO/wordpress-6.7.2.zip'; public $locale = 'es_CO'; public $packages = class stdClass { public $full = 'https://downloads.wordpress.org/release/es_CO/wordpress-6.7.2.zip'; public $no_content = ''; public $new_bundled = ''; public $partial = ''; public $rollback = '' }; public $current = '6.7.2'; public $version = '6.7.2'; public $php_version = '7.2.24'; public $mysql_version = '5.5.5'; public $new_bundled = '6.7'; public $partial_version = ''; public $new_files = '1' }) C:\wamp64\www\positiva\wp-admin\includes\class-wp-automatic-updater.php:715
[12-Feb-2025 14:41:23 UTC] PHP  12. Core_Upgrader->upgrade($current = class stdClass { public $response = 'autoupdate'; public $download = 'https://downloads.wordpress.org/release/es_CO/wordpress-6.7.2.zip'; public $locale = 'es_CO'; public $packages = class stdClass { public $full = 'https://downloads.wordpress.org/release/es_CO/wordpress-6.7.2.zip'; public $no_content = ''; public $new_bundled = ''; public $partial = ''; public $rollback = '' }; public $current = '6.7.2'; public $version = '6.7.2'; public $php_version = '7.2.24'; public $mysql_version = '5.5.5'; public $new_bundled = '6.7'; public $partial_version = ''; public $new_files = '1' }, $args = ['clear_update_cache' => FALSE, 'pre_check_md5' => FALSE, 'attempt_rollback' => TRUE, 'allow_relaxed_file_ownership' => FALSE]) C:\wamp64\www\positiva\wp-admin\includes\class-wp-automatic-updater.php:478
[12-Feb-2025 14:41:23 UTC] PHP  13. update_core($from = 'C:/wamp64/www/positiva/wp-content/upgrade/wordpress-6.7.2-es_co', $to = 'C:/wamp64/www/positiva/') C:\wamp64\www\positiva\wp-admin\includes\class-core-upgrader.php:178
[12-Feb-2025 14:41:23 UTC] PHP  14. apply_filters($hook_name = 'update_feedback', $value = 'Activando el modo mantenimiento&#8230;') C:\wamp64\www\positiva\wp-admin\includes\update-core.php:1279
[12-Feb-2025 14:41:23 UTC] PHP  15. WP_Hook->apply_filters($value = 'Activando el modo mantenimiento&#8230;', $args = [0 => 'Activando el modo mantenimiento&#8230;']) C:\wamp64\www\positiva\wp-includes\plugin.php:205
[12-Feb-2025 14:41:23 UTC] PHP  16. Automatic_Upgrader_Skin->feedback($feedback = NULL) C:\wamp64\www\positiva\wp-includes\class-wp-hook.php:324
[12-Feb-2025 14:41:23 UTC] PHP  17. trim($string = NULL) C:\wamp64\www\positiva\wp-admin\includes\class-automatic-upgrader-skin.php:93
[12-Feb-2025 14:41:23 UTC] PHP Deprecated:  str_contains(): Passing null to parameter #1 ($haystack) of type string is deprecated in C:\wamp64\www\positiva\wp-admin\includes\class-automatic-upgrader-skin.php on line 87
[12-Feb-2025 14:41:23 UTC] PHP Stack trace:
[12-Feb-2025 14:41:23 UTC] PHP   1. {main}() C:\wamp64\www\positiva\wp-cron.php:0
[12-Feb-2025 14:41:23 UTC] PHP   2. do_action_ref_array($hook_name = 'wp_version_check', $args = []) C:\wamp64\www\positiva\wp-cron.php:191
[12-Feb-2025 14:41:23 UTC] PHP   3. WP_Hook->do_action($args = []) C:\wamp64\www\positiva\wp-includes\plugin.php:565
[12-Feb-2025 14:41:23 UTC] PHP   4. WP_Hook->apply_filters($value = '', $args = []) C:\wamp64\www\positiva\wp-includes\class-wp-hook.php:348
[12-Feb-2025 14:41:23 UTC] PHP   5. wp_version_check($extra_stats = *uninitialized*, $force_check = *uninitialized*) C:\wamp64\www\positiva\wp-includes\class-wp-hook.php:324
[12-Feb-2025 14:41:23 UTC] PHP   6. do_action($hook_name = 'wp_maybe_auto_update') C:\wamp64\www\positiva\wp-includes\update.php:295
[12-Feb-2025 14:41:23 UTC] PHP   7. WP_Hook->do_action($args = [0 => '']) C:\wamp64\www\positiva\wp-includes\plugin.php:517
[12-Feb-2025 14:41:23 UTC] PHP   8. WP_Hook->apply_filters($value = '', $args = [0 => '']) C:\wamp64\www\positiva\wp-includes\class-wp-hook.php:348
[12-Feb-2025 14:41:23 UTC] PHP   9. wp_maybe_auto_update('') C:\wamp64\www\positiva\wp-includes\class-wp-hook.php:324
[12-Feb-2025 14:41:23 UTC] PHP  10. WP_Automatic_Updater->run() C:\wamp64\www\positiva\wp-includes\update.php:851
[12-Feb-2025 14:41:23 UTC] PHP  11. WP_Automatic_Updater->update($type = 'core', $item = class stdClass { public $response = 'autoupdate'; public $download = 'https://downloads.wordpress.org/release/es_CO/wordpress-6.7.2.zip'; public $locale = 'es_CO'; public $packages = class stdClass { public $full = 'https://downloads.wordpress.org/release/es_CO/wordpress-6.7.2.zip'; public $no_content = ''; public $new_bundled = ''; public $partial = ''; public $rollback = '' }; public $current = '6.7.2'; public $version = '6.7.2'; public $php_version = '7.2.24'; public $mysql_version = '5.5.5'; public $new_bundled = '6.7'; public $partial_version = ''; public $new_files = '1' }) C:\wamp64\www\positiva\wp-admin\includes\class-wp-automatic-updater.php:715
[12-Feb-2025 14:41:23 UTC] PHP  12. Core_Upgrader->upgrade($current = class stdClass { public $response = 'autoupdate'; public $download = 'https://downloads.wordpress.org/release/es_CO/wordpress-6.7.2.zip'; public $locale = 'es_CO'; public $packages = class stdClass { public $full = 'https://downloads.wordpress.org/release/es_CO/wordpress-6.7.2.zip'; public $no_content = ''; public $new_bundled = ''; public $partial = ''; public $rollback = '' }; public $current = '6.7.2'; public $version = '6.7.2'; public $php_version = '7.2.24'; public $mysql_version = '5.5.5'; public $new_bundled = '6.7'; public $partial_version = ''; public $new_files = '1' }, $args = ['clear_update_cache' => FALSE, 'pre_check_md5' => FALSE, 'attempt_rollback' => TRUE, 'allow_relaxed_file_ownership' => FALSE]) C:\wamp64\www\positiva\wp-admin\includes\class-wp-automatic-updater.php:478
[12-Feb-2025 14:41:23 UTC] PHP  13. update_core($from = 'C:/wamp64/www/positiva/wp-content/upgrade/wordpress-6.7.2-es_co', $to = 'C:/wamp64/www/positiva/') C:\wamp64\www\positiva\wp-admin\includes\class-core-upgrader.php:178
[12-Feb-2025 14:41:23 UTC] PHP  14. apply_filters($hook_name = 'update_feedback', $value = 'Copiando los archivos necesarios&#8230;') C:\wamp64\www\positiva\wp-admin\includes\update-core.php:1288
[12-Feb-2025 14:41:23 UTC] PHP  15. WP_Hook->apply_filters($value = 'Copiando los archivos necesarios&#8230;', $args = [0 => 'Copiando los archivos necesarios&#8230;']) C:\wamp64\www\positiva\wp-includes\plugin.php:205
[12-Feb-2025 14:41:23 UTC] PHP  16. Automatic_Upgrader_Skin->feedback($feedback = NULL) C:\wamp64\www\positiva\wp-includes\class-wp-hook.php:324
[12-Feb-2025 14:41:23 UTC] PHP  17. str_contains($haystack = NULL, $needle = '%') C:\wamp64\www\positiva\wp-admin\includes\class-automatic-upgrader-skin.php:87
[12-Feb-2025 14:41:23 UTC] PHP Deprecated:  trim(): Passing null to parameter #1 ($string) of type string is deprecated in C:\wamp64\www\positiva\wp-admin\includes\class-automatic-upgrader-skin.php on line 93
[12-Feb-2025 14:41:23 UTC] PHP Stack trace:
[12-Feb-2025 14:41:23 UTC] PHP   1. {main}() C:\wamp64\www\positiva\wp-cron.php:0
[12-Feb-2025 14:41:23 UTC] PHP   2. do_action_ref_array($hook_name = 'wp_version_check', $args = []) C:\wamp64\www\positiva\wp-cron.php:191
[12-Feb-2025 14:41:23 UTC] PHP   3. WP_Hook->do_action($args = []) C:\wamp64\www\positiva\wp-includes\plugin.php:565
[12-Feb-2025 14:41:23 UTC] PHP   4. WP_Hook->apply_filters($value = '', $args = []) C:\wamp64\www\positiva\wp-includes\class-wp-hook.php:348
[12-Feb-2025 14:41:23 UTC] PHP   5. wp_version_check($extra_stats = *uninitialized*, $force_check = *uninitialized*) C:\wamp64\www\positiva\wp-includes\class-wp-hook.php:324
[12-Feb-2025 14:41:23 UTC] PHP   6. do_action($hook_name = 'wp_maybe_auto_update') C:\wamp64\www\positiva\wp-includes\update.php:295
[12-Feb-2025 14:41:23 UTC] PHP   7. WP_Hook->do_action($args = [0 => '']) C:\wamp64\www\positiva\wp-includes\plugin.php:517
[12-Feb-2025 14:41:23 UTC] PHP   8. WP_Hook->apply_filters($value = '', $args = [0 => '']) C:\wamp64\www\positiva\wp-includes\class-wp-hook.php:348
[12-Feb-2025 14:41:23 UTC] PHP   9. wp_maybe_auto_update('') C:\wamp64\www\positiva\wp-includes\class-wp-hook.php:324
[12-Feb-2025 14:41:23 UTC] PHP  10. WP_Automatic_Updater->run() C:\wamp64\www\positiva\wp-includes\update.php:851
[12-Feb-2025 14:41:23 UTC] PHP  11. WP_Automatic_Updater->update($type = 'core', $item = class stdClass { public $response = 'autoupdate'; public $download = 'https://downloads.wordpress.org/release/es_CO/wordpress-6.7.2.zip'; public $locale = 'es_CO'; public $packages = class stdClass { public $full = 'https://downloads.wordpress.org/release/es_CO/wordpress-6.7.2.zip'; public $no_content = ''; public $new_bundled = ''; public $partial = ''; public $rollback = '' }; public $current = '6.7.2'; public $version = '6.7.2'; public $php_version = '7.2.24'; public $mysql_version = '5.5.5'; public $new_bundled = '6.7'; public $partial_version = ''; public $new_files = '1' }) C:\wamp64\www\positiva\wp-admin\includes\class-wp-automatic-updater.php:715
[12-Feb-2025 14:41:23 UTC] PHP  12. Core_Upgrader->upgrade($current = class stdClass { public $response = 'autoupdate'; public $download = 'https://downloads.wordpress.org/release/es_CO/wordpress-6.7.2.zip'; public $locale = 'es_CO'; public $packages = class stdClass { public $full = 'https://downloads.wordpress.org/release/es_CO/wordpress-6.7.2.zip'; public $no_content = ''; public $new_bundled = ''; public $partial = ''; public $rollback = '' }; public $current = '6.7.2'; public $version = '6.7.2'; public $php_version = '7.2.24'; public $mysql_version = '5.5.5'; public $new_bundled = '6.7'; public $partial_version = ''; public $new_files = '1' }, $args = ['clear_update_cache' => FALSE, 'pre_check_md5' => FALSE, 'attempt_rollback' => TRUE, 'allow_relaxed_file_ownership' => FALSE]) C:\wamp64\www\positiva\wp-admin\includes\class-wp-automatic-updater.php:478
[12-Feb-2025 14:41:23 UTC] PHP  13. update_core($from = 'C:/wamp64/www/positiva/wp-content/upgrade/wordpress-6.7.2-es_co', $to = 'C:/wamp64/www/positiva/') C:\wamp64\www\positiva\wp-admin\includes\class-core-upgrader.php:178
[12-Feb-2025 14:41:23 UTC] PHP  14. apply_filters($hook_name = 'update_feedback', $value = 'Copiando los archivos necesarios&#8230;') C:\wamp64\www\positiva\wp-admin\includes\update-core.php:1288
[12-Feb-2025 14:41:23 UTC] PHP  15. WP_Hook->apply_filters($value = 'Copiando los archivos necesarios&#8230;', $args = [0 => 'Copiando los archivos necesarios&#8230;']) C:\wamp64\www\positiva\wp-includes\plugin.php:205
[12-Feb-2025 14:41:23 UTC] PHP  16. Automatic_Upgrader_Skin->feedback($feedback = NULL) C:\wamp64\www\positiva\wp-includes\class-wp-hook.php:324
[12-Feb-2025 14:41:23 UTC] PHP  17. trim($string = NULL) C:\wamp64\www\positiva\wp-admin\includes\class-automatic-upgrader-skin.php:93
[12-Feb-2025 14:41:27 UTC] PHP Deprecated:  str_contains(): Passing null to parameter #1 ($haystack) of type string is deprecated in C:\wamp64\www\positiva\wp-admin\includes\class-automatic-upgrader-skin.php on line 87
[12-Feb-2025 14:41:27 UTC] PHP Stack trace:
[12-Feb-2025 14:41:27 UTC] PHP   1. {main}() C:\wamp64\www\positiva\wp-cron.php:0
[12-Feb-2025 14:41:27 UTC] PHP   2. do_action_ref_array($hook_name = 'wp_version_check', $args = []) C:\wamp64\www\positiva\wp-cron.php:191
[12-Feb-2025 14:41:27 UTC] PHP   3. WP_Hook->do_action($args = []) C:\wamp64\www\positiva\wp-includes\plugin.php:565
[12-Feb-2025 14:41:27 UTC] PHP   4. WP_Hook->apply_filters($value = '', $args = []) C:\wamp64\www\positiva\wp-includes\class-wp-hook.php:348
[12-Feb-2025 14:41:27 UTC] PHP   5. wp_version_check($extra_stats = *uninitialized*, $force_check = *uninitialized*) C:\wamp64\www\positiva\wp-includes\class-wp-hook.php:324
[12-Feb-2025 14:41:27 UTC] PHP   6. do_action($hook_name = 'wp_maybe_auto_update') C:\wamp64\www\positiva\wp-includes\update.php:295
[12-Feb-2025 14:41:27 UTC] PHP   7. WP_Hook->do_action($args = [0 => '']) C:\wamp64\www\positiva\wp-includes\plugin.php:517
[12-Feb-2025 14:41:27 UTC] PHP   8. WP_Hook->apply_filters($value = '', $args = [0 => '']) C:\wamp64\www\positiva\wp-includes\class-wp-hook.php:348
[12-Feb-2025 14:41:27 UTC] PHP   9. wp_maybe_auto_update('') C:\wamp64\www\positiva\wp-includes\class-wp-hook.php:324
[12-Feb-2025 14:41:27 UTC] PHP  10. WP_Automatic_Updater->run() C:\wamp64\www\positiva\wp-includes\update.php:851
[12-Feb-2025 14:41:27 UTC] PHP  11. WP_Automatic_Updater->update($type = 'core', $item = class stdClass { public $response = 'autoupdate'; public $download = 'https://downloads.wordpress.org/release/es_CO/wordpress-6.7.2.zip'; public $locale = 'es_CO'; public $packages = class stdClass { public $full = 'https://downloads.wordpress.org/release/es_CO/wordpress-6.7.2.zip'; public $no_content = ''; public $new_bundled = ''; public $partial = ''; public $rollback = '' }; public $current = '6.7.2'; public $version = '6.7.2'; public $php_version = '7.2.24'; public $mysql_version = '5.5.5'; public $new_bundled = '6.7'; public $partial_version = ''; public $new_files = '1' }) C:\wamp64\www\positiva\wp-admin\includes\class-wp-automatic-updater.php:715
[12-Feb-2025 14:41:27 UTC] PHP  12. Core_Upgrader->upgrade($current = class stdClass { public $response = 'autoupdate'; public $download = 'https://downloads.wordpress.org/release/es_CO/wordpress-6.7.2.zip'; public $locale = 'es_CO'; public $packages = class stdClass { public $full = 'https://downloads.wordpress.org/release/es_CO/wordpress-6.7.2.zip'; public $no_content = ''; public $new_bundled = ''; public $partial = ''; public $rollback = '' }; public $current = '6.7.2'; public $version = '6.7.2'; public $php_version = '7.2.24'; public $mysql_version = '5.5.5'; public $new_bundled = '6.7'; public $partial_version = ''; public $new_files = '1' }, $args = ['clear_update_cache' => FALSE, 'pre_check_md5' => FALSE, 'attempt_rollback' => TRUE, 'allow_relaxed_file_ownership' => FALSE]) C:\wamp64\www\positiva\wp-admin\includes\class-wp-automatic-updater.php:478
[12-Feb-2025 14:41:27 UTC] PHP  13. update_core($from = 'C:/wamp64/www/positiva/wp-content/upgrade/wordpress-6.7.2-es_co', $to = 'C:/wamp64/www/positiva/') C:\wamp64\www\positiva\wp-admin\includes\class-core-upgrader.php:178
[12-Feb-2025 14:41:27 UTC] PHP  14. apply_filters($hook_name = 'update_feedback', $value = 'Desactivando el modo de mantenimiento&#8230;') C:\wamp64\www\positiva\wp-admin\includes\update-core.php:1428
[12-Feb-2025 14:41:27 UTC] PHP  15. WP_Hook->apply_filters($value = 'Desactivando el modo de mantenimiento&#8230;', $args = [0 => 'Desactivando el modo de mantenimiento&#8230;']) C:\wamp64\www\positiva\wp-includes\plugin.php:205
[12-Feb-2025 14:41:27 UTC] PHP  16. Automatic_Upgrader_Skin->feedback($feedback = NULL) C:\wamp64\www\positiva\wp-includes\class-wp-hook.php:324
[12-Feb-2025 14:41:27 UTC] PHP  17. str_contains($haystack = NULL, $needle = '%') C:\wamp64\www\positiva\wp-admin\includes\class-automatic-upgrader-skin.php:87
[12-Feb-2025 14:41:27 UTC] PHP Deprecated:  trim(): Passing null to parameter #1 ($string) of type string is deprecated in C:\wamp64\www\positiva\wp-admin\includes\class-automatic-upgrader-skin.php on line 93
[12-Feb-2025 14:41:27 UTC] PHP Stack trace:
[12-Feb-2025 14:41:27 UTC] PHP   1. {main}() C:\wamp64\www\positiva\wp-cron.php:0
[12-Feb-2025 14:41:27 UTC] PHP   2. do_action_ref_array($hook_name = 'wp_version_check', $args = []) C:\wamp64\www\positiva\wp-cron.php:191
[12-Feb-2025 14:41:27 UTC] PHP   3. WP_Hook->do_action($args = []) C:\wamp64\www\positiva\wp-includes\plugin.php:565
[12-Feb-2025 14:41:27 UTC] PHP   4. WP_Hook->apply_filters($value = '', $args = []) C:\wamp64\www\positiva\wp-includes\class-wp-hook.php:348
[12-Feb-2025 14:41:27 UTC] PHP   5. wp_version_check($extra_stats = *uninitialized*, $force_check = *uninitialized*) C:\wamp64\www\positiva\wp-includes\class-wp-hook.php:324
[12-Feb-2025 14:41:27 UTC] PHP   6. do_action($hook_name = 'wp_maybe_auto_update') C:\wamp64\www\positiva\wp-includes\update.php:295
[12-Feb-2025 14:41:27 UTC] PHP   7. WP_Hook->do_action($args = [0 => '']) C:\wamp64\www\positiva\wp-includes\plugin.php:517
[12-Feb-2025 14:41:27 UTC] PHP   8. WP_Hook->apply_filters($value = '', $args = [0 => '']) C:\wamp64\www\positiva\wp-includes\class-wp-hook.php:348
[12-Feb-2025 14:41:27 UTC] PHP   9. wp_maybe_auto_update('') C:\wamp64\www\positiva\wp-includes\class-wp-hook.php:324
[12-Feb-2025 14:41:27 UTC] PHP  10. WP_Automatic_Updater->run() C:\wamp64\www\positiva\wp-includes\update.php:851
[12-Feb-2025 14:41:27 UTC] PHP  11. WP_Automatic_Updater->update($type = 'core', $item = class stdClass { public $response = 'autoupdate'; public $download = 'https://downloads.wordpress.org/release/es_CO/wordpress-6.7.2.zip'; public $locale = 'es_CO'; public $packages = class stdClass { public $full = 'https://downloads.wordpress.org/release/es_CO/wordpress-6.7.2.zip'; public $no_content = ''; public $new_bundled = ''; public $partial = ''; public $rollback = '' }; public $current = '6.7.2'; public $version = '6.7.2'; public $php_version = '7.2.24'; public $mysql_version = '5.5.5'; public $new_bundled = '6.7'; public $partial_version = ''; public $new_files = '1' }) C:\wamp64\www\positiva\wp-admin\includes\class-wp-automatic-updater.php:715
[12-Feb-2025 14:41:27 UTC] PHP  12. Core_Upgrader->upgrade($current = class stdClass { public $response = 'autoupdate'; public $download = 'https://downloads.wordpress.org/release/es_CO/wordpress-6.7.2.zip'; public $locale = 'es_CO'; public $packages = class stdClass { public $full = 'https://downloads.wordpress.org/release/es_CO/wordpress-6.7.2.zip'; public $no_content = ''; public $new_bundled = ''; public $partial = ''; public $rollback = '' }; public $current = '6.7.2'; public $version = '6.7.2'; public $php_version = '7.2.24'; public $mysql_version = '5.5.5'; public $new_bundled = '6.7'; public $partial_version = ''; public $new_files = '1' }, $args = ['clear_update_cache' => FALSE, 'pre_check_md5' => FALSE, 'attempt_rollback' => TRUE, 'allow_relaxed_file_ownership' => FALSE]) C:\wamp64\www\positiva\wp-admin\includes\class-wp-automatic-updater.php:478
[12-Feb-2025 14:41:27 UTC] PHP  13. update_core($from = 'C:/wamp64/www/positiva/wp-content/upgrade/wordpress-6.7.2-es_co', $to = 'C:/wamp64/www/positiva/') C:\wamp64\www\positiva\wp-admin\includes\class-core-upgrader.php:178
[12-Feb-2025 14:41:27 UTC] PHP  14. apply_filters($hook_name = 'update_feedback', $value = 'Desactivando el modo de mantenimiento&#8230;') C:\wamp64\www\positiva\wp-admin\includes\update-core.php:1428
[12-Feb-2025 14:41:27 UTC] PHP  15. WP_Hook->apply_filters($value = 'Desactivando el modo de mantenimiento&#8230;', $args = [0 => 'Desactivando el modo de mantenimiento&#8230;']) C:\wamp64\www\positiva\wp-includes\plugin.php:205
[12-Feb-2025 14:41:27 UTC] PHP  16. Automatic_Upgrader_Skin->feedback($feedback = NULL) C:\wamp64\www\positiva\wp-includes\class-wp-hook.php:324
[12-Feb-2025 14:41:27 UTC] PHP  17. trim($string = NULL) C:\wamp64\www\positiva\wp-admin\includes\class-automatic-upgrader-skin.php:93
[12-Feb-2025 14:41:32 UTC] PHP Deprecated:  str_contains(): Passing null to parameter #1 ($haystack) of type string is deprecated in C:\wamp64\www\positiva\wp-admin\includes\class-automatic-upgrader-skin.php on line 87
[12-Feb-2025 14:41:32 UTC] PHP Stack trace:
[12-Feb-2025 14:41:32 UTC] PHP   1. {main}() C:\wamp64\www\positiva\wp-cron.php:0
[12-Feb-2025 14:41:32 UTC] PHP   2. do_action_ref_array($hook_name = 'wp_version_check', $args = []) C:\wamp64\www\positiva\wp-cron.php:191
[12-Feb-2025 14:41:32 UTC] PHP   3. WP_Hook->do_action($args = []) C:\wamp64\www\positiva\wp-includes\plugin.php:565
[12-Feb-2025 14:41:32 UTC] PHP   4. WP_Hook->apply_filters($value = '', $args = []) C:\wamp64\www\positiva\wp-includes\class-wp-hook.php:348
[12-Feb-2025 14:41:32 UTC] PHP   5. wp_version_check($extra_stats = *uninitialized*, $force_check = *uninitialized*) C:\wamp64\www\positiva\wp-includes\class-wp-hook.php:324
[12-Feb-2025 14:41:32 UTC] PHP   6. do_action($hook_name = 'wp_maybe_auto_update') C:\wamp64\www\positiva\wp-includes\update.php:295
[12-Feb-2025 14:41:32 UTC] PHP   7. WP_Hook->do_action($args = [0 => '']) C:\wamp64\www\positiva\wp-includes\plugin.php:517
[12-Feb-2025 14:41:32 UTC] PHP   8. WP_Hook->apply_filters($value = '', $args = [0 => '']) C:\wamp64\www\positiva\wp-includes\class-wp-hook.php:348
[12-Feb-2025 14:41:32 UTC] PHP   9. wp_maybe_auto_update('') C:\wamp64\www\positiva\wp-includes\class-wp-hook.php:324
[12-Feb-2025 14:41:32 UTC] PHP  10. WP_Automatic_Updater->run() C:\wamp64\www\positiva\wp-includes\update.php:851
[12-Feb-2025 14:41:32 UTC] PHP  11. WP_Automatic_Updater->update($type = 'core', $item = class stdClass { public $response = 'autoupdate'; public $download = 'https://downloads.wordpress.org/release/es_CO/wordpress-6.7.2.zip'; public $locale = 'es_CO'; public $packages = class stdClass { public $full = 'https://downloads.wordpress.org/release/es_CO/wordpress-6.7.2.zip'; public $no_content = ''; public $new_bundled = ''; public $partial = ''; public $rollback = '' }; public $current = '6.7.2'; public $version = '6.7.2'; public $php_version = '7.2.24'; public $mysql_version = '5.5.5'; public $new_bundled = '6.7'; public $partial_version = ''; public $new_files = '1' }) C:\wamp64\www\positiva\wp-admin\includes\class-wp-automatic-updater.php:715
[12-Feb-2025 14:41:32 UTC] PHP  12. Core_Upgrader->upgrade($current = class stdClass { public $response = 'autoupdate'; public $download = 'https://downloads.wordpress.org/release/es_CO/wordpress-6.7.2.zip'; public $locale = 'es_CO'; public $packages = class stdClass { public $full = 'https://downloads.wordpress.org/release/es_CO/wordpress-6.7.2.zip'; public $no_content = ''; public $new_bundled = ''; public $partial = ''; public $rollback = '' }; public $current = '6.7.2'; public $version = '6.7.2'; public $php_version = '7.2.24'; public $mysql_version = '5.5.5'; public $new_bundled = '6.7'; public $partial_version = ''; public $new_files = '1' }, $args = ['clear_update_cache' => FALSE, 'pre_check_md5' => FALSE, 'attempt_rollback' => TRUE, 'allow_relaxed_file_ownership' => FALSE]) C:\wamp64\www\positiva\wp-admin\includes\class-wp-automatic-updater.php:478
[12-Feb-2025 14:41:32 UTC] PHP  13. update_core($from = 'C:/wamp64/www/positiva/wp-content/upgrade/wordpress-6.7.2-es_co', $to = 'C:/wamp64/www/positiva/') C:\wamp64\www\positiva\wp-admin\includes\class-core-upgrader.php:178
[12-Feb-2025 14:41:32 UTC] PHP  14. apply_filters($hook_name = 'update_feedback', $value = 'Actualizando la base de datos&#8230;') C:\wamp64\www\positiva\wp-admin\includes\update-core.php:1543
[12-Feb-2025 14:41:32 UTC] PHP  15. WP_Hook->apply_filters($value = 'Actualizando la base de datos&#8230;', $args = [0 => 'Actualizando la base de datos&#8230;']) C:\wamp64\www\positiva\wp-includes\plugin.php:205
[12-Feb-2025 14:41:32 UTC] PHP  16. Automatic_Upgrader_Skin->feedback($feedback = NULL) C:\wamp64\www\positiva\wp-includes\class-wp-hook.php:324
[12-Feb-2025 14:41:32 UTC] PHP  17. str_contains($haystack = NULL, $needle = '%') C:\wamp64\www\positiva\wp-admin\includes\class-automatic-upgrader-skin.php:87
[12-Feb-2025 14:41:32 UTC] PHP Deprecated:  trim(): Passing null to parameter #1 ($string) of type string is deprecated in C:\wamp64\www\positiva\wp-admin\includes\class-automatic-upgrader-skin.php on line 93
[12-Feb-2025 14:41:32 UTC] PHP Stack trace:
[12-Feb-2025 14:41:32 UTC] PHP   1. {main}() C:\wamp64\www\positiva\wp-cron.php:0
[12-Feb-2025 14:41:32 UTC] PHP   2. do_action_ref_array($hook_name = 'wp_version_check', $args = []) C:\wamp64\www\positiva\wp-cron.php:191
[12-Feb-2025 14:41:32 UTC] PHP   3. WP_Hook->do_action($args = []) C:\wamp64\www\positiva\wp-includes\plugin.php:565
[12-Feb-2025 14:41:32 UTC] PHP   4. WP_Hook->apply_filters($value = '', $args = []) C:\wamp64\www\positiva\wp-includes\class-wp-hook.php:348
[12-Feb-2025 14:41:32 UTC] PHP   5. wp_version_check($extra_stats = *uninitialized*, $force_check = *uninitialized*) C:\wamp64\www\positiva\wp-includes\class-wp-hook.php:324
[12-Feb-2025 14:41:32 UTC] PHP   6. do_action($hook_name = 'wp_maybe_auto_update') C:\wamp64\www\positiva\wp-includes\update.php:295
[12-Feb-2025 14:41:32 UTC] PHP   7. WP_Hook->do_action($args = [0 => '']) C:\wamp64\www\positiva\wp-includes\plugin.php:517
[12-Feb-2025 14:41:32 UTC] PHP   8. WP_Hook->apply_filters($value = '', $args = [0 => '']) C:\wamp64\www\positiva\wp-includes\class-wp-hook.php:348
[12-Feb-2025 14:41:32 UTC] PHP   9. wp_maybe_auto_update('') C:\wamp64\www\positiva\wp-includes\class-wp-hook.php:324
[12-Feb-2025 14:41:32 UTC] PHP  10. WP_Automatic_Updater->run() C:\wamp64\www\positiva\wp-includes\update.php:851
[12-Feb-2025 14:41:32 UTC] PHP  11. WP_Automatic_Updater->update($type = 'core', $item = class stdClass { public $response = 'autoupdate'; public $download = 'https://downloads.wordpress.org/release/es_CO/wordpress-6.7.2.zip'; public $locale = 'es_CO'; public $packages = class stdClass { public $full = 'https://downloads.wordpress.org/release/es_CO/wordpress-6.7.2.zip'; public $no_content = ''; public $new_bundled = ''; public $partial = ''; public $rollback = '' }; public $current = '6.7.2'; public $version = '6.7.2'; public $php_version = '7.2.24'; public $mysql_version = '5.5.5'; public $new_bundled = '6.7'; public $partial_version = ''; public $new_files = '1' }) C:\wamp64\www\positiva\wp-admin\includes\class-wp-automatic-updater.php:715
[12-Feb-2025 14:41:32 UTC] PHP  12. Core_Upgrader->upgrade($current = class stdClass { public $response = 'autoupdate'; public $download = 'https://downloads.wordpress.org/release/es_CO/wordpress-6.7.2.zip'; public $locale = 'es_CO'; public $packages = class stdClass { public $full = 'https://downloads.wordpress.org/release/es_CO/wordpress-6.7.2.zip'; public $no_content = ''; public $new_bundled = ''; public $partial = ''; public $rollback = '' }; public $current = '6.7.2'; public $version = '6.7.2'; public $php_version = '7.2.24'; public $mysql_version = '5.5.5'; public $new_bundled = '6.7'; public $partial_version = ''; public $new_files = '1' }, $args = ['clear_update_cache' => FALSE, 'pre_check_md5' => FALSE, 'attempt_rollback' => TRUE, 'allow_relaxed_file_ownership' => FALSE]) C:\wamp64\www\positiva\wp-admin\includes\class-wp-automatic-updater.php:478
[12-Feb-2025 14:41:32 UTC] PHP  13. update_core($from = 'C:/wamp64/www/positiva/wp-content/upgrade/wordpress-6.7.2-es_co', $to = 'C:/wamp64/www/positiva/') C:\wamp64\www\positiva\wp-admin\includes\class-core-upgrader.php:178
[12-Feb-2025 14:41:32 UTC] PHP  14. apply_filters($hook_name = 'update_feedback', $value = 'Actualizando la base de datos&#8230;') C:\wamp64\www\positiva\wp-admin\includes\update-core.php:1543
[12-Feb-2025 14:41:32 UTC] PHP  15. WP_Hook->apply_filters($value = 'Actualizando la base de datos&#8230;', $args = [0 => 'Actualizando la base de datos&#8230;']) C:\wamp64\www\positiva\wp-includes\plugin.php:205
[12-Feb-2025 14:41:32 UTC] PHP  16. Automatic_Upgrader_Skin->feedback($feedback = NULL) C:\wamp64\www\positiva\wp-includes\class-wp-hook.php:324
[12-Feb-2025 14:41:32 UTC] PHP  17. trim($string = NULL) C:\wamp64\www\positiva\wp-admin\includes\class-automatic-upgrader-skin.php:93
[13-Feb-2025 03:08:24 UTC] PHP Warning:  mysqli_real_connect(): (HY000/2002): No se puede establecer una conexión ya que el equipo de destino denegó expresamente dicha conexión in C:\wamp64\www\positiva\wp-includes\class-wpdb.php on line 1982
[13-Feb-2025 03:08:24 UTC] PHP Stack trace:
[13-Feb-2025 03:08:24 UTC] PHP   1. {main}() C:\wamp64\www\positiva\wp-admin\plugins.php:0
[13-Feb-2025 03:08:24 UTC] PHP   2. require_once() C:\wamp64\www\positiva\wp-admin\plugins.php:10
[13-Feb-2025 03:08:24 UTC] PHP   3. require_once() C:\wamp64\www\positiva\wp-admin\admin.php:34
[13-Feb-2025 03:08:24 UTC] PHP   4. require_once() C:\wamp64\www\positiva\wp-load.php:50
[13-Feb-2025 03:08:24 UTC] PHP   5. require_once() C:\wamp64\www\positiva\wp-config.php:105
[13-Feb-2025 03:08:24 UTC] PHP   6. require_wp_db() C:\wamp64\www\positiva\wp-settings.php:133
[13-Feb-2025 03:08:24 UTC] PHP   7. wpdb->__construct($dbuser = 'root', $dbpassword = '', $dbname = 'positiva', $dbhost = 'localhost') C:\wamp64\www\positiva\wp-includes\load.php:695
[13-Feb-2025 03:08:24 UTC] PHP   8. wpdb->db_connect($allow_bail = *uninitialized*) C:\wamp64\www\positiva\wp-includes\class-wpdb.php:767
[13-Feb-2025 03:08:24 UTC] PHP   9. mysqli_real_connect($mysql = class mysqli { public $client_info = 'mysqlnd 8.3.6'; public $client_version = 80306; public $connect_errno = 2002; public $connect_error = 'No se puede establecer una conexión ya que el equipo de destino denegó expresamente dicha conexión'; public $errno = 2002; public $error = 'No se puede establecer una conexión ya que el equipo de destino denegó expresamente dicha conexión' }, $hostname = 'localhost', $username = 'root', $password = '[Sensitive Parameter]', $database = NULL, $port = NULL, $socket = NULL, $flags = 0) C:\wamp64\www\positiva\wp-includes\class-wpdb.php:1982
[13-Feb-2025 15:39:34 UTC] Automatic updates starting...
[13-Feb-2025 15:39:35 UTC]   Automatic plugin updates starting...
[13-Feb-2025 15:39:35 UTC]   Automatic plugin updates complete.
[13-Feb-2025 15:39:36 UTC] Automatic updates complete.
[13-Feb-2025 20:12:32 UTC] PHP Fatal error:  Maximum execution time of 120 seconds exceeded in C:\wamp64\www\positiva\wp-content\plugins\simple-history\inc\class-autoloader.php on line 220
[13-Feb-2025 20:12:32 UTC] PHP Stack trace:
[13-Feb-2025 20:12:32 UTC] PHP   1. {main}() C:\wamp64\www\positiva\wp-admin\admin-ajax.php:0
[13-Feb-2025 20:12:33 UTC] PHP   2. require_once() C:\wamp64\www\positiva\wp-admin\admin-ajax.php:22
[13-Feb-2025 20:12:33 UTC] PHP   3. require_once() C:\wamp64\www\positiva\wp-load.php:50
[13-Feb-2025 20:12:33 UTC] PHP   4. require_once() C:\wamp64\www\positiva\wp-config.php:105
[13-Feb-2025 20:12:33 UTC] PHP   5. do_action($hook_name = 'after_setup_theme') C:\wamp64\www\positiva\wp-settings.php:682
[13-Feb-2025 20:12:33 UTC] PHP   6. WP_Hook->do_action($args = [0 => '']) C:\wamp64\www\positiva\wp-includes\plugin.php:517
[13-Feb-2025 20:12:34 UTC] PHP   7. WP_Hook->apply_filters($value = '', $args = [0 => '']) C:\wamp64\www\positiva\wp-includes\class-wp-hook.php:348
[13-Feb-2025 20:12:34 UTC] PHP   8. Simple_History\Services\Loggers_Loader->load_loggers('') C:\wamp64\www\positiva\wp-includes\class-wp-hook.php:324
[13-Feb-2025 20:12:34 UTC] PHP   9. is_subclass_of($object_or_class = 'Simple_History\\Loggers\\Plugin_Limit_Login_Attempts_Logger', $class = 'Simple_History\\Loggers\\Logger') C:\wamp64\www\positiva\wp-content\plugins\simple-history\inc\services\class-loggers-loader.php:90
[13-Feb-2025 20:12:34 UTC] PHP  10. Simple_History\Autoloader->load_class($class = 'Simple_History\\Loggers\\Plugin_Limit_Login_Attempts_Logger') C:\wamp64\www\positiva\wp-content\plugins\simple-history\inc\services\class-loggers-loader.php:90
[13-Feb-2025 20:12:35 UTC] PHP  11. Simple_History\Autoloader->load_mapped_file($prefix = 'Simple_History\\', $relative_class = 'Loggers\\Plugin_Limit_Login_Attempts_Logger') C:\wamp64\www\positiva\wp-content\plugins\simple-history\inc\class-autoloader.php:121
[13-Feb-2025 20:12:35 UTC] PHP  12. Simple_History\Autoloader->require_file($file = 'C:\\wamp64\\www\\positiva\\wp-content\\plugins\\simple-history//loggers/class-plugin-limit-login-attempts-logger.php') C:\wamp64\www\positiva\wp-content\plugins\simple-history\inc\class-autoloader.php:186
[14-Feb-2025 15:02:09 UTC] Automatic updates starting...
[14-Feb-2025 15:02:09 UTC]   Automatic plugin updates starting...
[14-Feb-2025 15:02:09 UTC]   Automatic plugin updates complete.
[14-Feb-2025 15:02:09 UTC] Automatic updates complete.
[17-Feb-2025 13:43:18 UTC] Automatic updates starting...
[17-Feb-2025 13:43:19 UTC]   Automatic plugin updates starting...
[17-Feb-2025 13:43:19 UTC]   Automatic plugin updates complete.
[17-Feb-2025 13:43:20 UTC] Automatic updates complete.
[17-Feb-2025 13:43:21 UTC] PHP Fatal error:  Uncaught TypeError: WSAL\Extensions\Helpers\Notification_Helper::get_report(): Return value must be of type array, false returned in C:\wamp64\www\positiva\wp-content\plugins\wp-security-audit-log\classes\notification\class-notification-helper.php:254
Stack trace:
#0 C:\wamp64\www\positiva\wp-content\plugins\wp-security-audit-log\classes\notification\class-notifications.php(781): WSAL\Extensions\Helpers\Notification_Helper::get_report(false, true)
#1 C:\wamp64\www\positiva\wp-content\plugins\wp-security-audit-log\classes\Controllers\class-cron-jobs.php(209): WSAL\Views\Notifications::send_weekly_summary_cron()
#2 C:\wamp64\www\positiva\wp-includes\class-wp-hook.php(324): WSAL\Controllers\Cron_Jobs::generate_weekly_summary_reports()
#3 C:\wamp64\www\positiva\wp-includes\class-wp-hook.php(348): WP_Hook->apply_filters(NULL, Array)
#4 C:\wamp64\www\positiva\wp-includes\plugin.php(565): WP_Hook->do_action(Array)
#5 C:\wamp64\www\positiva\wp-cron.php(191): do_action_ref_array('wsal_summary_we...', Array)
#6 {main}
  thrown in C:\wamp64\www\positiva\wp-content\plugins\wp-security-audit-log\classes\notification\class-notification-helper.php on line 254
[17-Feb-2025 14:42:12 UTC] Automatic updates starting...
[17-Feb-2025 14:42:12 UTC]   Automatic plugin updates starting...
[17-Feb-2025 14:42:12 UTC]   Automatic plugin updates complete.
[17-Feb-2025 14:42:12 UTC] Automatic updates complete.
[19-Feb-2025 13:14:25 UTC] Automatic updates starting...
[19-Feb-2025 13:14:26 UTC]   Automatic plugin updates starting...
[19-Feb-2025 13:14:33 UTC]   Automatic plugin updates complete.
[19-Feb-2025 13:14:33 UTC] Automatic updates complete.
[19-Feb-2025 17:23:46 UTC] Automatic updates starting...
[19-Feb-2025 17:23:47 UTC]   Automatic plugin updates starting...
[19-Feb-2025 17:23:47 UTC]   Automatic plugin updates complete.
[19-Feb-2025 17:23:48 UTC] Automatic updates complete.
[19-Feb-2025 18:01:15 UTC] PHP Warning:  Attempt to read property "title" on null in C:\wamp64\www\positiva\wp-includes\class-wp-customize-widgets.php on line 923
[19-Feb-2025 18:01:15 UTC] PHP Stack trace:
[19-Feb-2025 18:01:15 UTC] PHP   1. {main}() C:\wamp64\www\positiva\wp-admin\customize.php:0
[19-Feb-2025 18:01:15 UTC] PHP   2. do_action($hook_name = 'customize_controls_print_footer_scripts') C:\wamp64\www\positiva\wp-admin\customize.php:306
[19-Feb-2025 18:01:15 UTC] PHP   3. WP_Hook->do_action($args = [0 => '']) C:\wamp64\www\positiva\wp-includes\plugin.php:517
[19-Feb-2025 18:01:15 UTC] PHP   4. WP_Hook->apply_filters($value = '', $args = [0 => '']) C:\wamp64\www\positiva\wp-includes\class-wp-hook.php:348
[19-Feb-2025 18:01:15 UTC] PHP   5. WP_Customize_Widgets->output_widget_control_templates('') C:\wamp64\www\positiva\wp-includes\class-wp-hook.php:324
[19-Feb-2025 18:01:17 UTC] PHP Warning:  Attempt to read property "title" on null in C:\wamp64\www\positiva\wp-includes\class-wp-customize-widgets.php on line 923
[19-Feb-2025 18:01:17 UTC] PHP Stack trace:
[19-Feb-2025 18:01:17 UTC] PHP   1. {main}() C:\wamp64\www\positiva\wp-admin\customize.php:0
[19-Feb-2025 18:01:17 UTC] PHP   2. do_action($hook_name = 'customize_controls_print_footer_scripts') C:\wamp64\www\positiva\wp-admin\customize.php:306
[19-Feb-2025 18:01:17 UTC] PHP   3. WP_Hook->do_action($args = [0 => '']) C:\wamp64\www\positiva\wp-includes\plugin.php:517
[19-Feb-2025 18:01:17 UTC] PHP   4. WP_Hook->apply_filters($value = '', $args = [0 => '']) C:\wamp64\www\positiva\wp-includes\class-wp-hook.php:348
[19-Feb-2025 18:01:17 UTC] PHP   5. WP_Customize_Widgets->output_widget_control_templates('') C:\wamp64\www\positiva\wp-includes\class-wp-hook.php:324
[20-Feb-2025 20:57:43 UTC] PHP Warning:  mysqli_real_connect(): (HY000/2002): No se puede establecer una conexión ya que el equipo de destino denegó expresamente dicha conexión in C:\wamp64\www\positiva\wp-includes\class-wpdb.php on line 1982
[20-Feb-2025 20:57:43 UTC] PHP Stack trace:
[20-Feb-2025 20:57:43 UTC] PHP   1. {main}() C:\wamp64\www\positiva\wp-admin\customize.php:0
[20-Feb-2025 20:57:43 UTC] PHP   2. require_once() C:\wamp64\www\positiva\wp-admin\customize.php:13
[20-Feb-2025 20:57:43 UTC] PHP   3. require_once() C:\wamp64\www\positiva\wp-admin\admin.php:34
[20-Feb-2025 20:57:43 UTC] PHP   4. require_once() C:\wamp64\www\positiva\wp-load.php:50
[20-Feb-2025 20:57:43 UTC] PHP   5. require_once() C:\wamp64\www\positiva\wp-config.php:105
[20-Feb-2025 20:57:43 UTC] PHP   6. require_wp_db() C:\wamp64\www\positiva\wp-settings.php:133
[20-Feb-2025 20:57:43 UTC] PHP   7. wpdb->__construct($dbuser = 'root', $dbpassword = '', $dbname = 'positiva', $dbhost = 'localhost') C:\wamp64\www\positiva\wp-includes\load.php:695
[20-Feb-2025 20:57:43 UTC] PHP   8. wpdb->db_connect($allow_bail = *uninitialized*) C:\wamp64\www\positiva\wp-includes\class-wpdb.php:767
[20-Feb-2025 20:57:43 UTC] PHP   9. mysqli_real_connect($mysql = class mysqli { public $client_info = 'mysqlnd 8.3.6'; public $client_version = 80306; public $connect_errno = 2002; public $connect_error = 'No se puede establecer una conexión ya que el equipo de destino denegó expresamente dicha conexión'; public $errno = 2002; public $error = 'No se puede establecer una conexión ya que el equipo de destino denegó expresamente dicha conexión' }, $hostname = 'localhost', $username = 'root', $password = '[Sensitive Parameter]', $database = NULL, $port = NULL, $socket = NULL, $flags = 0) C:\wamp64\www\positiva\wp-includes\class-wpdb.php:1982
[20-Feb-2025 20:58:14 UTC] PHP Warning:  Attempt to read property "title" on null in C:\wamp64\www\positiva\wp-includes\class-wp-customize-widgets.php on line 923
[20-Feb-2025 20:58:14 UTC] PHP Stack trace:
[20-Feb-2025 20:58:14 UTC] PHP   1. {main}() C:\wamp64\www\positiva\wp-admin\customize.php:0
[20-Feb-2025 20:58:14 UTC] PHP   2. do_action($hook_name = 'customize_controls_print_footer_scripts') C:\wamp64\www\positiva\wp-admin\customize.php:306
[20-Feb-2025 20:58:14 UTC] PHP   3. WP_Hook->do_action($args = [0 => '']) C:\wamp64\www\positiva\wp-includes\plugin.php:517
[20-Feb-2025 20:58:14 UTC] PHP   4. WP_Hook->apply_filters($value = '', $args = [0 => '']) C:\wamp64\www\positiva\wp-includes\class-wp-hook.php:348
[20-Feb-2025 20:58:14 UTC] PHP   5. WP_Customize_Widgets->output_widget_control_templates('') C:\wamp64\www\positiva\wp-includes\class-wp-hook.php:324
[20-Feb-2025 20:58:23 UTC] Automatic updates starting...
[20-Feb-2025 20:58:23 UTC]   Automatic plugin updates starting...
[20-Feb-2025 20:58:23 UTC]   Automatic plugin updates complete.
[20-Feb-2025 20:58:24 UTC] Automatic updates complete.
[21-Feb-2025 12:53:09 UTC] PHP Warning:  mysqli_real_connect(): (HY000/2002): No se puede establecer una conexión ya que el equipo de destino denegó expresamente dicha conexión in C:\wamp64\www\positiva\wp-includes\class-wpdb.php on line 1982
[21-Feb-2025 12:53:09 UTC] PHP Warning:  mysqli_real_connect(): (HY000/2002): No se puede establecer una conexión ya que el equipo de destino denegó expresamente dicha conexión in C:\wamp64\www\positiva\wp-includes\class-wpdb.php on line 1982
[21-Feb-2025 12:53:11 UTC] PHP Stack trace:
[21-Feb-2025 12:53:11 UTC] PHP Stack trace:
[21-Feb-2025 12:53:11 UTC] PHP   1. {main}() C:\wamp64\www\positiva\index.php:0
[21-Feb-2025 12:53:11 UTC] PHP   1. {main}() C:\wamp64\www\positiva\wp-admin\customize.php:0
[21-Feb-2025 12:53:11 UTC] PHP   2. require() C:\wamp64\www\positiva\index.php:17
[21-Feb-2025 12:53:11 UTC] PHP   2. require_once() C:\wamp64\www\positiva\wp-admin\customize.php:13
[21-Feb-2025 12:53:11 UTC] PHP   3. require_once() C:\wamp64\www\positiva\wp-blog-header.php:13
[21-Feb-2025 12:53:11 UTC] PHP   3. require_once() C:\wamp64\www\positiva\wp-admin\admin.php:34
[21-Feb-2025 12:53:11 UTC] PHP   4. require_once() C:\wamp64\www\positiva\wp-load.php:50
[21-Feb-2025 12:53:11 UTC] PHP   4. require_once() C:\wamp64\www\positiva\wp-load.php:50
[21-Feb-2025 12:53:11 UTC] PHP   5. require_once() C:\wamp64\www\positiva\wp-config.php:105
[21-Feb-2025 12:53:11 UTC] PHP   5. require_once() C:\wamp64\www\positiva\wp-config.php:105
[21-Feb-2025 12:53:11 UTC] PHP   6. require_wp_db() C:\wamp64\www\positiva\wp-settings.php:133
[21-Feb-2025 12:53:11 UTC] PHP   6. require_wp_db() C:\wamp64\www\positiva\wp-settings.php:133
[21-Feb-2025 12:53:11 UTC] PHP   7. wpdb->__construct($dbuser = 'root', $dbpassword = '', $dbname = 'positiva', $dbhost = 'localhost') C:\wamp64\www\positiva\wp-includes\load.php:695
[21-Feb-2025 12:53:11 UTC] PHP   7. wpdb->__construct($dbuser = 'root', $dbpassword = '', $dbname = 'positiva', $dbhost = 'localhost') C:\wamp64\www\positiva\wp-includes\load.php:695
[21-Feb-2025 12:53:11 UTC] PHP   8. wpdb->db_connect($allow_bail = *uninitialized*) C:\wamp64\www\positiva\wp-includes\class-wpdb.php:767
[21-Feb-2025 12:53:11 UTC] PHP   8. wpdb->db_connect($allow_bail = *uninitialized*) C:\wamp64\www\positiva\wp-includes\class-wpdb.php:767
[21-Feb-2025 12:53:11 UTC] PHP   9. mysqli_real_connect($mysql = class mysqli { public $client_info = 'mysqlnd 8.3.6'; public $client_version = 80306; public $connect_errno = 2002; public $connect_error = 'No se puede establecer una conexión ya que el equipo de destino denegó expresamente dicha conexión'; public $errno = 2002; public $error = 'No se puede establecer una conexión ya que el equipo de destino denegó expresamente dicha conexión' }, $hostname = 'localhost', $username = 'root', $password = '[Sensitive Parameter]', $database = NULL, $port = NULL, $socket = NULL, $flags = 0) C:\wamp64\www\positiva\wp-includes\class-wpdb.php:1982
[21-Feb-2025 12:53:11 UTC] PHP   9. mysqli_real_connect($mysql = class mysqli { public $client_info = 'mysqlnd 8.3.6'; public $client_version = 80306; public $connect_errno = 2002; public $connect_error = 'No se puede establecer una conexión ya que el equipo de destino denegó expresamente dicha conexión'; public $errno = 2002; public $error = 'No se puede establecer una conexión ya que el equipo de destino denegó expresamente dicha conexión' }, $hostname = 'localhost', $username = 'root', $password = '[Sensitive Parameter]', $database = NULL, $port = NULL, $socket = NULL, $flags = 0) C:\wamp64\www\positiva\wp-includes\class-wpdb.php:1982
[21-Feb-2025 22:23:32 UTC] PHP Fatal error:  Maximum execution time of 120 seconds exceeded in C:\wamp64\www\positiva\wp-content\plugins\elementor\modules\checklist\steps-manager.php on line 25
[21-Feb-2025 22:23:32 UTC] PHP Stack trace:
[21-Feb-2025 22:23:32 UTC] PHP   1. {main}() C:\wamp64\www\positiva\index.php:0
[21-Feb-2025 22:23:32 UTC] PHP   2. require() C:\wamp64\www\positiva\index.php:17
[21-Feb-2025 22:23:32 UTC] PHP   3. require_once() C:\wamp64\www\positiva\wp-blog-header.php:13
[21-Feb-2025 22:23:32 UTC] PHP   4. require_once() C:\wamp64\www\positiva\wp-load.php:50
[21-Feb-2025 22:23:32 UTC] PHP   5. require_once() C:\wamp64\www\positiva\wp-config.php:105
[21-Feb-2025 22:23:32 UTC] PHP   6. do_action($hook_name = 'init') C:\wamp64\www\positiva\wp-settings.php:704
[21-Feb-2025 22:23:32 UTC] PHP   7. WP_Hook->do_action($args = [0 => '']) C:\wamp64\www\positiva\wp-includes\plugin.php:517
[21-Feb-2025 22:23:32 UTC] PHP   8. WP_Hook->apply_filters($value = '', $args = [0 => '']) C:\wamp64\www\positiva\wp-includes\class-wp-hook.php:348
[21-Feb-2025 22:23:32 UTC] PHP   9. Elementor\Plugin->init('') C:\wamp64\www\positiva\wp-includes\class-wp-hook.php:324
[21-Feb-2025 22:23:32 UTC] PHP  10. Elementor\Plugin->init_components() C:\wamp64\www\positiva\wp-content\plugins\elementor\includes\plugin.php:673
[21-Feb-2025 22:23:32 UTC] PHP  11. Elementor\Core\Modules_Manager->__construct() C:\wamp64\www\positiva\wp-content\plugins\elementor\includes\plugin.php:755
[21-Feb-2025 22:23:32 UTC] PHP  12. Elementor\Core\Base\Module::instance() C:\wamp64\www\positiva\wp-content\plugins\elementor\core\modules-manager.php:64
[21-Feb-2025 22:23:32 UTC] PHP  13. Elementor\Modules\Checklist\Module->__construct($wordpress_adapter = *uninitialized*, $elementor_adapter = *uninitialized*) C:\wamp64\www\positiva\wp-content\plugins\elementor\core\base\module.php:85
[21-Feb-2025 22:23:32 UTC] PHP  14. Elementor\Autoloader::autoload($class = 'Elementor\\Modules\\Checklist\\Steps\\Assign_Homepage') C:\wamp64\www\positiva\wp-content\plugins\elementor\modules\checklist\module.php:62
[21-Feb-2025 22:23:32 UTC] PHP  15. Elementor\Autoloader::load_class($relative_class_name = 'Modules\\Checklist\\Steps\\Assign_Homepage') C:\wamp64\www\positiva\wp-content\plugins\elementor\includes\autoloader.php:332
[21-Feb-2025 22:24:10 UTC] Automatic updates starting...
[21-Feb-2025 22:24:32 UTC] PHP Warning:  wp_update_plugins(): Ha sucedido un error inesperado. Puede que algo vaya mal con WordPress.org o la configuración de este servidor. Si sigues teniendo problemas, por favor, prueba en los <a href="https://wordpress.org/support/forums/">foros de soporte</a>. (WordPress no pudo establecer una conexión segura con WordPress.org. Por favor, contacta con el administrador de tu servidor.) in C:\wamp64\www\positiva\wp-includes\functions.php on line 6114
[21-Feb-2025 22:24:32 UTC] PHP Stack trace:
[21-Feb-2025 22:24:32 UTC] PHP   1. {main}() C:\wamp64\www\positiva\wp-cron.php:0
[21-Feb-2025 22:24:32 UTC] PHP   2. do_action_ref_array($hook_name = 'wp_version_check', $args = []) C:\wamp64\www\positiva\wp-cron.php:191
[21-Feb-2025 22:24:32 UTC] PHP   3. WP_Hook->do_action($args = []) C:\wamp64\www\positiva\wp-includes\plugin.php:565
[21-Feb-2025 22:24:32 UTC] PHP   4. WP_Hook->apply_filters($value = '', $args = []) C:\wamp64\www\positiva\wp-includes\class-wp-hook.php:348
[21-Feb-2025 22:24:32 UTC] PHP   5. wp_version_check($extra_stats = *uninitialized*, $force_check = *uninitialized*) C:\wamp64\www\positiva\wp-includes\class-wp-hook.php:324
[21-Feb-2025 22:24:32 UTC] PHP   6. do_action($hook_name = 'wp_maybe_auto_update') C:\wamp64\www\positiva\wp-includes\update.php:295
[21-Feb-2025 22:24:32 UTC] PHP   7. WP_Hook->do_action($args = [0 => '']) C:\wamp64\www\positiva\wp-includes\plugin.php:517
[21-Feb-2025 22:24:32 UTC] PHP   8. WP_Hook->apply_filters($value = '', $args = [0 => '']) C:\wamp64\www\positiva\wp-includes\class-wp-hook.php:348
[21-Feb-2025 22:24:32 UTC] PHP   9. wp_maybe_auto_update('') C:\wamp64\www\positiva\wp-includes\class-wp-hook.php:324
[21-Feb-2025 22:24:32 UTC] PHP  10. WP_Automatic_Updater->run() C:\wamp64\www\positiva\wp-includes\update.php:851
[21-Feb-2025 22:24:32 UTC] PHP  11. wp_update_plugins($extra_stats = *uninitialized*) C:\wamp64\www\positiva\wp-admin\includes\class-wp-automatic-updater.php:668
[21-Feb-2025 22:24:32 UTC] PHP  12. wp_trigger_error($function_name = 'wp_update_plugins', $message = 'Ha sucedido un error inesperado. Puede que algo vaya mal con WordPress.org o la configuración de este servidor. Si sigues teniendo problemas, por favor, prueba en los <a href="https://wordpress.org/support/forums/">foros de soporte</a>. (WordPress no pudo establecer una conexión segura con WordPress.org. Por favor, contacta con el administrador de tu servidor.)', $error_level = 512) C:\wamp64\www\positiva\wp-includes\update.php:443
[21-Feb-2025 22:24:32 UTC] PHP  13. trigger_error($message = 'wp_update_plugins(): Ha sucedido un error inesperado. Puede que algo vaya mal con WordPress.org o la configuración de este servidor. Si sigues teniendo problemas, por favor, prueba en los <a href="https://wordpress.org/support/forums/">foros de soporte</a>. (WordPress no pudo establecer una conexión segura con WordPress.org. Por favor, contacta con el administrador de tu servidor.)', $error_level = 512) C:\wamp64\www\positiva\wp-includes\functions.php:6114
[21-Feb-2025 22:24:42 UTC]   Automatic plugin updates starting...
[21-Feb-2025 22:24:42 UTC]   Automatic plugin updates complete.
[21-Feb-2025 22:24:52 UTC] PHP Warning:  wp_update_themes(): Ha sucedido un error inesperado. Puede que algo vaya mal con WordPress.org o la configuración de este servidor. Si sigues teniendo problemas, por favor, prueba en los <a href="https://wordpress.org/support/forums/">foros de soporte</a>. (WordPress no pudo establecer una conexión segura con WordPress.org. Por favor, contacta con el administrador de tu servidor.) in C:\wamp64\www\positiva\wp-includes\functions.php on line 6114
[21-Feb-2025 22:24:59 UTC] PHP Stack trace:
[21-Feb-2025 22:24:59 UTC] PHP   1. {main}() C:\wamp64\www\positiva\wp-cron.php:0
[21-Feb-2025 22:24:59 UTC] PHP   2. do_action_ref_array($hook_name = 'wp_version_check', $args = []) C:\wamp64\www\positiva\wp-cron.php:191
[21-Feb-2025 22:24:59 UTC] PHP   3. WP_Hook->do_action($args = []) C:\wamp64\www\positiva\wp-includes\plugin.php:565
[21-Feb-2025 22:24:59 UTC] PHP   4. WP_Hook->apply_filters($value = '', $args = []) C:\wamp64\www\positiva\wp-includes\class-wp-hook.php:348
[21-Feb-2025 22:24:59 UTC] PHP   5. wp_version_check($extra_stats = *uninitialized*, $force_check = *uninitialized*) C:\wamp64\www\positiva\wp-includes\class-wp-hook.php:324
[21-Feb-2025 22:24:59 UTC] PHP   6. do_action($hook_name = 'wp_maybe_auto_update') C:\wamp64\www\positiva\wp-includes\update.php:295
[21-Feb-2025 22:24:59 UTC] PHP   7. WP_Hook->do_action($args = [0 => '']) C:\wamp64\www\positiva\wp-includes\plugin.php:517
[21-Feb-2025 22:24:59 UTC] PHP   8. WP_Hook->apply_filters($value = '', $args = [0 => '']) C:\wamp64\www\positiva\wp-includes\class-wp-hook.php:348
[21-Feb-2025 22:24:59 UTC] PHP   9. wp_maybe_auto_update('') C:\wamp64\www\positiva\wp-includes\class-wp-hook.php:324
[21-Feb-2025 22:24:59 UTC] PHP  10. WP_Automatic_Updater->run() C:\wamp64\www\positiva\wp-includes\update.php:851
[21-Feb-2025 22:24:59 UTC] PHP  11. wp_update_themes($extra_stats = *uninitialized*) C:\wamp64\www\positiva\wp-admin\includes\class-wp-automatic-updater.php:688
[21-Feb-2025 22:24:59 UTC] PHP  12. wp_trigger_error($function_name = 'wp_update_themes', $message = 'Ha sucedido un error inesperado. Puede que algo vaya mal con WordPress.org o la configuración de este servidor. Si sigues teniendo problemas, por favor, prueba en los <a href="https://wordpress.org/support/forums/">foros de soporte</a>. (WordPress no pudo establecer una conexión segura con WordPress.org. Por favor, contacta con el administrador de tu servidor.)', $error_level = 512) C:\wamp64\www\positiva\wp-includes\update.php:722
[21-Feb-2025 22:24:59 UTC] PHP  13. trigger_error($message = 'wp_update_themes(): Ha sucedido un error inesperado. Puede que algo vaya mal con WordPress.org o la configuración de este servidor. Si sigues teniendo problemas, por favor, prueba en los <a href="https://wordpress.org/support/forums/">foros de soporte</a>. (WordPress no pudo establecer una conexión segura con WordPress.org. Por favor, contacta con el administrador de tu servidor.)', $error_level = 512) C:\wamp64\www\positiva\wp-includes\functions.php:6114
[21-Feb-2025 22:25:01 UTC] Automatic updates complete.
[25-Feb-2025 17:28:50 UTC] Automatic updates starting...
[25-Feb-2025 17:28:51 UTC]   Automatic plugin updates starting...
[25-Feb-2025 17:28:51 UTC]   Automatic plugin updates complete.
[25-Feb-2025 17:28:52 UTC] Automatic updates complete.
[25-Feb-2025 17:28:53 UTC] PHP Fatal error:  Uncaught TypeError: WSAL\Extensions\Helpers\Notification_Helper::get_report(): Return value must be of type array, false returned in C:\wamp64\www\positiva\wp-content\plugins\wp-security-audit-log\classes\notification\class-notification-helper.php:254
Stack trace:
#0 C:\wamp64\www\positiva\wp-content\plugins\wp-security-audit-log\classes\notification\class-notifications.php(781): WSAL\Extensions\Helpers\Notification_Helper::get_report(false, true)
#1 C:\wamp64\www\positiva\wp-content\plugins\wp-security-audit-log\classes\Controllers\class-cron-jobs.php(209): WSAL\Views\Notifications::send_weekly_summary_cron()
#2 C:\wamp64\www\positiva\wp-includes\class-wp-hook.php(324): WSAL\Controllers\Cron_Jobs::generate_weekly_summary_reports()
#3 C:\wamp64\www\positiva\wp-includes\class-wp-hook.php(348): WP_Hook->apply_filters(NULL, Array)
#4 C:\wamp64\www\positiva\wp-includes\plugin.php(565): WP_Hook->do_action(Array)
#5 C:\wamp64\www\positiva\wp-cron.php(191): do_action_ref_array('wsal_summary_we...', Array)
#6 {main}
  thrown in C:\wamp64\www\positiva\wp-content\plugins\wp-security-audit-log\classes\notification\class-notification-helper.php on line 254
